<?xml version="1.0" encoding="UTF-8"?>
<!-- Generated by org.testng.reporters.JUnitXMLReporter -->
<testsuite ignored="1" hostname="Sandeeps-MacBook-Air.local" failures="1" tests="15" name="FirefoxTest" time="246.89" errors="0" timestamp="2025-03-22T20:20:36 GST">
  <testcase classname="com.auto.theInternet.IntenetHerokuappPOC.AddRemoveElementsTestClass" name="validateAddAndRemoveButtons" time="1.562"/>
  <testcase classname="com.auto.theInternet.IntenetHerokuappPOC.BasicAuthTestClass" name="BasicAuth" time="2.967"/>
  <testcase classname="com.auto.theInternet.IntenetHerokuappPOC.BrokenImageTestClass" name="validateStateOfImages" time="2.959"/>
  <testcase classname="com.auto.theInternet.IntenetHerokuappPOC.ChallengingDOMTestClass" name="validateChallengingDOM" time="1.772"/>
  <testcase classname="com.auto.theInternet.IntenetHerokuappPOC.CheckboxesTestClass" name="validateCheckboxes" time="1.03"/>
  <testcase classname="com.auto.theInternet.IntenetHerokuappPOC.ContextMenuTestClass" name="validateContextMenu" time="1.319"/>
  <testcase classname="com.auto.theInternet.IntenetHerokuappPOC.DisappearingElementsTestClass" name="validateDisappearingElements" time="3.246"/>
  <testcase classname="com.auto.theInternet.IntenetHerokuappPOC.DragAndDropTestClass" name="validatingDragAndDrop" time="0.536"/>
  <testcase classname="com.auto.theInternet.IntenetHerokuappPOC.DropDownTestClass" name="validateDropDown" time="1.394"/>
  <testcase classname="com.auto.theInternet.IntenetHerokuappPOC.DynamicContentTestClass" name="validateDynamicContentVariable" time="12.187"/>
  <testcase classname="com.auto.theInternet.IntenetHerokuappPOC.DynamicControlsTestClass" name="validateDynamicControl" time="8.077"/>
  <testcase classname="com.auto.theInternet.IntenetHerokuappPOC.DynamicLoadingTestClass" name="validateDynamicLoading" time="12.332"/>
  <testcase classname="com.auto.theInternet.IntenetHerokuappPOC.EntryAdTestClass" name="validateEntryAd" time="1.278"/>
  <testcase classname="com.auto.theInternet.IntenetHerokuappPOC.FileDownloadTestClass" name="validateFileDownload" time="0.707">
    <failure type="org.openqa.selenium.NoSuchElementException" message="Unable to locate element: .example a:nth-of-type(3)
For documentation on this error, please visit: https://www.selenium.dev/documentation/webdriver/troubleshooting/errors#no-such-element-exception
Build info: version: &amp;apos;4.10.0&amp;apos;, revision: &amp;apos;c14d967899&amp;apos;
System info: os.name: &amp;apos;Mac OS X&amp;apos;, os.arch: &amp;apos;x86_64&amp;apos;, os.version: &amp;apos;12.7.6&amp;apos;, java.version: &amp;apos;21.0.5&amp;apos;
Driver info: org.openqa.selenium.firefox.FirefoxDriver
Command: [13f432d4-8f08-4093-ab9e-eaa65d9043df, findElement {using=css selector, value=.example a:nth-of-type(3)}]
Capabilities {acceptInsecureCerts: true, browserName: firefox, browserVersion: 136.0.2, moz:accessibilityChecks: false, moz:buildID: 20250317120031, moz:geckodriverVersion: 0.36.0, moz:headless: false, moz:platformVersion: 21.6.0, moz:processID: 47411, moz:profile: /var/folders/6n/54r6dxdd3l3..., moz:shutdownTimeout: 60000, moz:webdriverClick: true, moz:windowless: false, pageLoadStrategy: normal, platformName: mac, proxy: Proxy(), setWindowRect: true, strictFileInteractability: false, timeouts: {implicit: 0, pageLoad: 300000, script: 30000}, unhandledPromptBehavior: dismiss and notify, userAgent: Mozilla/5.0 (Macintosh; Int...}
Session ID: 13f432d4-8f08-4093-ab9e-eaa65d9043df">
      <![CDATA[org.openqa.selenium.NoSuchElementException: Unable to locate element: .example a:nth-of-type(3)
For documentation on this error, please visit: https://www.selenium.dev/documentation/webdriver/troubleshooting/errors#no-such-element-exception
Build info: version: '4.10.0', revision: 'c14d967899'
System info: os.name: 'Mac OS X', os.arch: 'x86_64', os.version: '12.7.6', java.version: '21.0.5'
Driver info: org.openqa.selenium.firefox.FirefoxDriver
Command: [13f432d4-8f08-4093-ab9e-eaa65d9043df, findElement {using=css selector, value=.example a:nth-of-type(3)}]
Capabilities {acceptInsecureCerts: true, browserName: firefox, browserVersion: 136.0.2, moz:accessibilityChecks: false, moz:buildID: 20250317120031, moz:geckodriverVersion: 0.36.0, moz:headless: false, moz:platformVersion: 21.6.0, moz:processID: 47411, moz:profile: /var/folders/6n/54r6dxdd3l3..., moz:shutdownTimeout: 60000, moz:webdriverClick: true, moz:windowless: false, pageLoadStrategy: normal, platformName: mac, proxy: Proxy(), setWindowRect: true, strictFileInteractability: false, timeouts: {implicit: 0, pageLoad: 300000, script: 30000}, unhandledPromptBehavior: dismiss and notify, userAgent: Mozilla/5.0 (Macintosh; Int...}
Session ID: 13f432d4-8f08-4093-ab9e-eaa65d9043df
at org.openqa.selenium.remote.codec.w3c.W3CHttpResponseCodec.createException(W3CHttpResponseCodec.java:199)
at org.openqa.selenium.remote.codec.w3c.W3CHttpResponseCodec.decode(W3CHttpResponseCodec.java:132)
at org.openqa.selenium.remote.codec.w3c.W3CHttpResponseCodec.decode(W3CHttpResponseCodec.java:51)
at org.openqa.selenium.remote.HttpCommandExecutor.execute(HttpCommandExecutor.java:191)
at org.openqa.selenium.remote.service.DriverCommandExecutor.invokeExecute(DriverCommandExecutor.java:196)
at org.openqa.selenium.remote.service.DriverCommandExecutor.execute(DriverCommandExecutor.java:171)
at org.openqa.selenium.remote.RemoteWebDriver.execute(RemoteWebDriver.java:531)
at org.openqa.selenium.remote.ElementLocation$ElementFinder$2.findElement(ElementLocation.java:165)
at org.openqa.selenium.remote.ElementLocation.findElement(ElementLocation.java:59)
at org.openqa.selenium.remote.RemoteWebDriver.findElement(RemoteWebDriver.java:350)
at org.openqa.selenium.remote.RemoteWebDriver.findElement(RemoteWebDriver.java:344)
at org.openqa.selenium.support.pagefactory.DefaultElementLocator.findElement(DefaultElementLocator.java:68)
at org.openqa.selenium.support.pagefactory.internal.LocatingElementHandler.invoke(LocatingElementHandler.java:38)
at jdk.proxy2/jdk.proxy2.$Proxy22.click(Unknown Source)
at PageClasses.FileDownloadPageClass.validateFileDownload(FileDownloadPageClass.java:48)
at com.auto.theInternet.IntenetHerokuappPOC.FileDownloadTestClass.validateFileDownload(FileDownloadTestClass.java:18)
at java.base/java.util.ArrayList.forEach(ArrayList.java:1596)
at java.base/java.util.concurrent.FutureTask.run(FutureTask.java:317)
at java.base/java.util.concurrent.ThreadPoolExecutor.runWorker(ThreadPoolExecutor.java:1144)
at java.base/java.util.concurrent.ThreadPoolExecutor$Worker.run(ThreadPoolExecutor.java:642)
at java.base/java.lang.Thread.run(Thread.java:1583)
... Removed 18 stack frames]]>
    </failure>
  </testcase> <!-- validateFileDownload -->
  <testcase classname="com.auto.theInternet.IntenetHerokuappPOC.ValidateABTesting" name="validateABTest" time="0.486"/>
  <testcase classname="com.auto.theInternet.IntenetHerokuappPOC.ExitIntentTestClass" name="validateExitIntent" time="0.0">
    <ignored/>
  </testcase> <!-- validateExitIntent -->
</testsuite> <!-- FirefoxTest -->
