<!DOCTYPE html PUBLIC "-//W3C//DTD XHTML 1.1//EN" "https://www.w3.org/TR/xhtml11/DTD/xhtml11.dtd">
<html xmlns="https://www.w3.org/1999/xhtml">
<head>
<meta http-equiv="content-type" content="text/html; charset=UTF-8"/>
<title>TestNG Report</title>
<style type="text/css">table {margin-bottom:10px;border-collapse:collapse;empty-cells:show}th,td {border:1px solid #009;padding:.25em .5em}th {vertical-align:bottom}td {vertical-align:top}table a {font-weight:bold}.stripe td {background-color: #E6EBF9}.num {text-align:right}.passedodd td {background-color: #3F3}.passedeven td {background-color: #0A0}.skippedodd td {background-color: #DDD}.skippedeven td {background-color: #CCC}.failedodd td,.attn {background-color: #F33}.failedeven td,.stripe .attn {background-color: #D00}.stacktrace {white-space:pre;font-family:monospace}.totop {font-size:85%;text-align:center;border-bottom:2px solid #000}.invisible {display:none}</style>
</head>
<body>
<table>
<tr><th>Test</th><th># Passed</th><th># Skipped</th><th># Retried</th><th># Failed</th><th>Time (ms)</th><th>Included Groups</th><th>Excluded Groups</th></tr>
<tr><th colspan="8">ParallelTestSuite</th></tr>
<tr><td><a href="#t0">ChromeTest</a></td><td class="num">14</td><td class="num">0</td><td class="num">0</td><td class="num attn">1</td><td class="num">176,578</td><td></td><td></td></tr>
<tr class="stripe"><td><a href="#t1">FirefoxTest</a></td><td class="num">14</td><td class="num">0</td><td class="num">0</td><td class="num attn">1</td><td class="num">246,890</td><td></td><td></td></tr>
<tr><th>Total</th><th class="num">28</th><th class="num">0</th><th class="num">0</th><th class="num attn">2</th><th class="num">423,468</th><th colspan="2"></th></tr>
</table>
<table id='summary'><thead><tr><th>Class</th><th>Method</th><th>Start</th><th>Time (ms)</th></tr></thead><tbody><tr><th colspan="4">ParallelTestSuite</th></tr></tbody><tbody id="t0"><tr><th colspan="4">ChromeTest &#8212; failed</th></tr><tr class="failedeven"><td rowspan="1">com.auto.theInternet.IntenetHerokuappPOC.FileDownloadTestClass</td><td><a href="#m0">validateFileDownload</a></td><td rowspan="1">1742660352467</td><td rowspan="1">709</td></tr><tr><th colspan="4">ChromeTest &#8212; passed</th></tr><tr class="passedeven"><td rowspan="1">com.auto.theInternet.IntenetHerokuappPOC.AddRemoveElementsTestClass</td><td><a href="#m1">validateAddAndRemoveButtons</a></td><td rowspan="1">1742660221860</td><td rowspan="1">1133</td></tr><tr class="passedodd"><td rowspan="1">com.auto.theInternet.IntenetHerokuappPOC.BasicAuthTestClass</td><td><a href="#m2">BasicAuth</a></td><td rowspan="1">1742660230706</td><td rowspan="1">772</td></tr><tr class="passedeven"><td rowspan="1">com.auto.theInternet.IntenetHerokuappPOC.BrokenImageTestClass</td><td><a href="#m3">validateStateOfImages</a></td><td rowspan="1">1742660237756</td><td rowspan="1">2568</td></tr><tr class="passedodd"><td rowspan="1">com.auto.theInternet.IntenetHerokuappPOC.ChallengingDOMTestClass</td><td><a href="#m4">validateChallengingDOM</a></td><td rowspan="1">1742660247575</td><td rowspan="1">1094</td></tr><tr class="passedeven"><td rowspan="1">com.auto.theInternet.IntenetHerokuappPOC.CheckboxesTestClass</td><td><a href="#m5">validateCheckboxes</a></td><td rowspan="1">1742660258094</td><td rowspan="1">814</td></tr><tr class="passedodd"><td rowspan="1">com.auto.theInternet.IntenetHerokuappPOC.ContextMenuTestClass</td><td><a href="#m6">validateContextMenu</a></td><td rowspan="1">1742660265598</td><td rowspan="1">828</td></tr><tr class="passedeven"><td rowspan="1">com.auto.theInternet.IntenetHerokuappPOC.DisappearingElementsTestClass</td><td><a href="#m7">validateDisappearingElements</a></td><td rowspan="1">1742660273092</td><td rowspan="1">2294</td></tr><tr class="passedodd"><td rowspan="1">com.auto.theInternet.IntenetHerokuappPOC.DragAndDropTestClass</td><td><a href="#m8">validatingDragAndDrop</a></td><td rowspan="1">1742660283017</td><td rowspan="1">764</td></tr><tr class="passedeven"><td rowspan="1">com.auto.theInternet.IntenetHerokuappPOC.DropDownTestClass</td><td><a href="#m9">validateDropDown</a></td><td rowspan="1">1742660290722</td><td rowspan="1">1229</td></tr><tr class="passedodd"><td rowspan="1">com.auto.theInternet.IntenetHerokuappPOC.DynamicContentTestClass</td><td><a href="#m10">validateDynamicContentVariable</a></td><td rowspan="1">1742660297722</td><td rowspan="1">4913</td></tr><tr class="passedeven"><td rowspan="1">com.auto.theInternet.IntenetHerokuappPOC.DynamicControlsTestClass</td><td><a href="#m11">validateDynamicControl</a></td><td rowspan="1">1742660309747</td><td rowspan="1">7904</td></tr><tr class="passedodd"><td rowspan="1">com.auto.theInternet.IntenetHerokuappPOC.DynamicLoadingTestClass</td><td><a href="#m12">validateDynamicLoading</a></td><td rowspan="1">1742660324179</td><td rowspan="1">12985</td></tr><tr class="passedeven"><td rowspan="1">com.auto.theInternet.IntenetHerokuappPOC.EntryAdTestClass</td><td><a href="#m13">validateEntryAd</a></td><td rowspan="1">1742660343778</td><td rowspan="1">1344</td></tr><tr class="passedodd"><td rowspan="1">com.auto.theInternet.IntenetHerokuappPOC.ValidateABTesting</td><td><a href="#m14">validateABTest</a></td><td rowspan="1">1742660360028</td><td rowspan="1">643</td></tr></tbody>
<tbody id="t1"><tr><th colspan="4">FirefoxTest &#8212; failed</th></tr><tr class="failedeven"><td rowspan="1">com.auto.theInternet.IntenetHerokuappPOC.FileDownloadTestClass</td><td><a href="#m15">validateFileDownload</a></td><td rowspan="1">1742660418177</td><td rowspan="1">707</td></tr><tr><th colspan="4">FirefoxTest &#8212; passed</th></tr><tr class="passedeven"><td rowspan="1">com.auto.theInternet.IntenetHerokuappPOC.AddRemoveElementsTestClass</td><td><a href="#m16">validateAddAndRemoveButtons</a></td><td rowspan="1">1742660202365</td><td rowspan="1">1562</td></tr><tr class="passedodd"><td rowspan="1">com.auto.theInternet.IntenetHerokuappPOC.BasicAuthTestClass</td><td><a href="#m17">BasicAuth</a></td><td rowspan="1">1742660214866</td><td rowspan="1">2967</td></tr><tr class="passedeven"><td rowspan="1">com.auto.theInternet.IntenetHerokuappPOC.BrokenImageTestClass</td><td><a href="#m18">validateStateOfImages</a></td><td rowspan="1">1742660233447</td><td rowspan="1">2959</td></tr><tr class="passedodd"><td rowspan="1">com.auto.theInternet.IntenetHerokuappPOC.ChallengingDOMTestClass</td><td><a href="#m19">validateChallengingDOM</a></td><td rowspan="1">1742660250876</td><td rowspan="1">1772</td></tr><tr class="passedeven"><td rowspan="1">com.auto.theInternet.IntenetHerokuappPOC.CheckboxesTestClass</td><td><a href="#m20">validateCheckboxes</a></td><td rowspan="1">1742660266863</td><td rowspan="1">1030</td></tr><tr class="passedodd"><td rowspan="1">com.auto.theInternet.IntenetHerokuappPOC.ContextMenuTestClass</td><td><a href="#m21">validateContextMenu</a></td><td rowspan="1">1742660282788</td><td rowspan="1">1319</td></tr><tr class="passedeven"><td rowspan="1">com.auto.theInternet.IntenetHerokuappPOC.DisappearingElementsTestClass</td><td><a href="#m22">validateDisappearingElements</a></td><td rowspan="1">1742660297764</td><td rowspan="1">3246</td></tr><tr class="passedodd"><td rowspan="1">com.auto.theInternet.IntenetHerokuappPOC.DragAndDropTestClass</td><td><a href="#m23">validatingDragAndDrop</a></td><td rowspan="1">1742660313981</td><td rowspan="1">536</td></tr><tr class="passedeven"><td rowspan="1">com.auto.theInternet.IntenetHerokuappPOC.DropDownTestClass</td><td><a href="#m24">validateDropDown</a></td><td rowspan="1">1742660329268</td><td rowspan="1">1394</td></tr><tr class="passedodd"><td rowspan="1">com.auto.theInternet.IntenetHerokuappPOC.DynamicContentTestClass</td><td><a href="#m25">validateDynamicContentVariable</a></td><td rowspan="1">1742660342418</td><td rowspan="1">12187</td></tr><tr class="passedeven"><td rowspan="1">com.auto.theInternet.IntenetHerokuappPOC.DynamicControlsTestClass</td><td><a href="#m26">validateDynamicControl</a></td><td rowspan="1">1742660365619</td><td rowspan="1">8077</td></tr><tr class="passedodd"><td rowspan="1">com.auto.theInternet.IntenetHerokuappPOC.DynamicLoadingTestClass</td><td><a href="#m27">validateDynamicLoading</a></td><td rowspan="1">1742660383858</td><td rowspan="1">12332</td></tr><tr class="passedeven"><td rowspan="1">com.auto.theInternet.IntenetHerokuappPOC.EntryAdTestClass</td><td><a href="#m28">validateEntryAd</a></td><td rowspan="1">1742660406674</td><td rowspan="1">1278</td></tr><tr class="passedodd"><td rowspan="1">com.auto.theInternet.IntenetHerokuappPOC.ValidateABTesting</td><td><a href="#m29">validateABTest</a></td><td rowspan="1">1742660429445</td><td rowspan="1">486</td></tr></tbody>
</table>
<h2>ChromeTest</h2><h3 id="m0">com.auto.theInternet.IntenetHerokuappPOC.FileDownloadTestClass#validateFileDownload</h3><table class="result"><tr><th>Exception</th></tr><tr><td><div class="stacktrace">org.openqa.selenium.NoSuchElementException: no such element: Unable to locate element: {&quot;method&quot;:&quot;css selector&quot;,&quot;selector&quot;:&quot;.example a:nth-of-type(3)&quot;}
  (Session info: chrome=134.0.6998.118)
For documentation on this error, please visit: https://www.selenium.dev/documentation/webdriver/troubleshooting/errors#no-such-element-exception
Build info: version: &apos;4.10.0&apos;, revision: &apos;c14d967899&apos;
System info: os.name: &apos;Mac OS X&apos;, os.arch: &apos;x86_64&apos;, os.version: &apos;12.7.6&apos;, java.version: &apos;21.0.5&apos;
Driver info: org.openqa.selenium.chrome.ChromeDriver
Command: [9b7b702ea69d552e33571a255d4262b0, findElement {using=css selector, value=.example a:nth-of-type(3)}]
Capabilities {acceptInsecureCerts: false, browserName: chrome, browserVersion: 134.0.6998.118, chrome: {chromedriverVersion: 134.0.6998.165 (fd886e2cb29..., userDataDir: /var/folders/6n/54r6dxdd3l3...}, fedcm:accounts: true, goog:chromeOptions: {debuggerAddress: localhost:61621}, networkConnectionEnabled: false, pageLoadStrategy: normal, platformName: mac, proxy: Proxy(), se:cdp: ws://localhost:61621/devtoo..., se:cdpVersion: 134.0.6998.118, setWindowRect: true, strictFileInteractability: false, timeouts: {implicit: 0, pageLoad: 300000, script: 30000}, unhandledPromptBehavior: dismiss and notify, webauthn:extension:credBlob: true, webauthn:extension:largeBlob: true, webauthn:extension:minPinLength: true, webauthn:extension:prf: true, webauthn:virtualAuthenticators: true}
Session ID: 9b7b702ea69d552e33571a255d4262b0
	at org.openqa.selenium.remote.codec.w3c.W3CHttpResponseCodec.createException(W3CHttpResponseCodec.java:199)
	at org.openqa.selenium.remote.codec.w3c.W3CHttpResponseCodec.decode(W3CHttpResponseCodec.java:132)
	at org.openqa.selenium.remote.codec.w3c.W3CHttpResponseCodec.decode(W3CHttpResponseCodec.java:51)
	at org.openqa.selenium.remote.HttpCommandExecutor.execute(HttpCommandExecutor.java:191)
	at org.openqa.selenium.remote.service.DriverCommandExecutor.invokeExecute(DriverCommandExecutor.java:196)
	at org.openqa.selenium.remote.service.DriverCommandExecutor.execute(DriverCommandExecutor.java:171)
	at org.openqa.selenium.remote.RemoteWebDriver.execute(RemoteWebDriver.java:531)
	at org.openqa.selenium.remote.ElementLocation$ElementFinder$2.findElement(ElementLocation.java:165)
	at org.openqa.selenium.remote.ElementLocation.findElement(ElementLocation.java:59)
	at org.openqa.selenium.remote.RemoteWebDriver.findElement(RemoteWebDriver.java:350)
	at org.openqa.selenium.remote.RemoteWebDriver.findElement(RemoteWebDriver.java:344)
	at org.openqa.selenium.support.pagefactory.DefaultElementLocator.findElement(DefaultElementLocator.java:68)
	at org.openqa.selenium.support.pagefactory.internal.LocatingElementHandler.invoke(LocatingElementHandler.java:38)
	at jdk.proxy2/jdk.proxy2.$Proxy22.click(Unknown Source)
	at PageClasses.FileDownloadPageClass.validateFileDownload(FileDownloadPageClass.java:48)
	at com.auto.theInternet.IntenetHerokuappPOC.FileDownloadTestClass.validateFileDownload(FileDownloadTestClass.java:18)
	at java.base/java.util.ArrayList.forEach(ArrayList.java:1596)
	at java.base/java.util.concurrent.FutureTask.run(FutureTask.java:317)
	at java.base/java.util.concurrent.ThreadPoolExecutor.runWorker(ThreadPoolExecutor.java:1144)
	at java.base/java.util.concurrent.ThreadPoolExecutor$Worker.run(ThreadPoolExecutor.java:642)
	at java.base/java.lang.Thread.run(Thread.java:1583)
... Removed 18 stack frames</div></td></tr></table><p class="totop"><a href="#summary">back to summary</a></p>
<h3 id="m1">com.auto.theInternet.IntenetHerokuappPOC.AddRemoveElementsTestClass#validateAddAndRemoveButtons</h3><table class="result"><tr><th class="invisible"/></tr></table><p class="totop"><a href="#summary">back to summary</a></p>
<h3 id="m2">com.auto.theInternet.IntenetHerokuappPOC.BasicAuthTestClass#BasicAuth</h3><table class="result"><tr><th class="invisible"/></tr></table><p class="totop"><a href="#summary">back to summary</a></p>
<h3 id="m3">com.auto.theInternet.IntenetHerokuappPOC.BrokenImageTestClass#validateStateOfImages</h3><table class="result"><tr><th class="invisible"/></tr></table><p class="totop"><a href="#summary">back to summary</a></p>
<h3 id="m4">com.auto.theInternet.IntenetHerokuappPOC.ChallengingDOMTestClass#validateChallengingDOM</h3><table class="result"><tr><th class="invisible"/></tr></table><p class="totop"><a href="#summary">back to summary</a></p>
<h3 id="m5">com.auto.theInternet.IntenetHerokuappPOC.CheckboxesTestClass#validateCheckboxes</h3><table class="result"><tr><th class="invisible"/></tr></table><p class="totop"><a href="#summary">back to summary</a></p>
<h3 id="m6">com.auto.theInternet.IntenetHerokuappPOC.ContextMenuTestClass#validateContextMenu</h3><table class="result"><tr><th class="invisible"/></tr></table><p class="totop"><a href="#summary">back to summary</a></p>
<h3 id="m7">com.auto.theInternet.IntenetHerokuappPOC.DisappearingElementsTestClass#validateDisappearingElements</h3><table class="result"><tr><th class="invisible"/></tr></table><p class="totop"><a href="#summary">back to summary</a></p>
<h3 id="m8">com.auto.theInternet.IntenetHerokuappPOC.DragAndDropTestClass#validatingDragAndDrop</h3><table class="result"><tr><th class="invisible"/></tr></table><p class="totop"><a href="#summary">back to summary</a></p>
<h3 id="m9">com.auto.theInternet.IntenetHerokuappPOC.DropDownTestClass#validateDropDown</h3><table class="result"><tr><th class="invisible"/></tr></table><p class="totop"><a href="#summary">back to summary</a></p>
<h3 id="m10">com.auto.theInternet.IntenetHerokuappPOC.DynamicContentTestClass#validateDynamicContentVariable</h3><table class="result"><tr><th class="invisible"/></tr></table><p class="totop"><a href="#summary">back to summary</a></p>
<h3 id="m11">com.auto.theInternet.IntenetHerokuappPOC.DynamicControlsTestClass#validateDynamicControl</h3><table class="result"><tr><th class="invisible"/></tr></table><p class="totop"><a href="#summary">back to summary</a></p>
<h3 id="m12">com.auto.theInternet.IntenetHerokuappPOC.DynamicLoadingTestClass#validateDynamicLoading</h3><table class="result"><tr><th class="invisible"/></tr></table><p class="totop"><a href="#summary">back to summary</a></p>
<h3 id="m13">com.auto.theInternet.IntenetHerokuappPOC.EntryAdTestClass#validateEntryAd</h3><table class="result"><tr><th class="invisible"/></tr></table><p class="totop"><a href="#summary">back to summary</a></p>
<h3 id="m14">com.auto.theInternet.IntenetHerokuappPOC.ValidateABTesting#validateABTest</h3><table class="result"><tr><th class="invisible"/></tr></table><p class="totop"><a href="#summary">back to summary</a></p>
<h2>FirefoxTest</h2><h3 id="m15">com.auto.theInternet.IntenetHerokuappPOC.FileDownloadTestClass#validateFileDownload</h3><table class="result"><tr><th>Exception</th></tr><tr><td><div class="stacktrace">org.openqa.selenium.NoSuchElementException: Unable to locate element: .example a:nth-of-type(3)
For documentation on this error, please visit: https://www.selenium.dev/documentation/webdriver/troubleshooting/errors#no-such-element-exception
Build info: version: &apos;4.10.0&apos;, revision: &apos;c14d967899&apos;
System info: os.name: &apos;Mac OS X&apos;, os.arch: &apos;x86_64&apos;, os.version: &apos;12.7.6&apos;, java.version: &apos;21.0.5&apos;
Driver info: org.openqa.selenium.firefox.FirefoxDriver
Command: [13f432d4-8f08-4093-ab9e-eaa65d9043df, findElement {using=css selector, value=.example a:nth-of-type(3)}]
Capabilities {acceptInsecureCerts: true, browserName: firefox, browserVersion: 136.0.2, moz:accessibilityChecks: false, moz:buildID: 20250317120031, moz:geckodriverVersion: 0.36.0, moz:headless: false, moz:platformVersion: 21.6.0, moz:processID: 47411, moz:profile: /var/folders/6n/54r6dxdd3l3..., moz:shutdownTimeout: 60000, moz:webdriverClick: true, moz:windowless: false, pageLoadStrategy: normal, platformName: mac, proxy: Proxy(), setWindowRect: true, strictFileInteractability: false, timeouts: {implicit: 0, pageLoad: 300000, script: 30000}, unhandledPromptBehavior: dismiss and notify, userAgent: Mozilla/5.0 (Macintosh; Int...}
Session ID: 13f432d4-8f08-4093-ab9e-eaa65d9043df
	at org.openqa.selenium.remote.codec.w3c.W3CHttpResponseCodec.createException(W3CHttpResponseCodec.java:199)
	at org.openqa.selenium.remote.codec.w3c.W3CHttpResponseCodec.decode(W3CHttpResponseCodec.java:132)
	at org.openqa.selenium.remote.codec.w3c.W3CHttpResponseCodec.decode(W3CHttpResponseCodec.java:51)
	at org.openqa.selenium.remote.HttpCommandExecutor.execute(HttpCommandExecutor.java:191)
	at org.openqa.selenium.remote.service.DriverCommandExecutor.invokeExecute(DriverCommandExecutor.java:196)
	at org.openqa.selenium.remote.service.DriverCommandExecutor.execute(DriverCommandExecutor.java:171)
	at org.openqa.selenium.remote.RemoteWebDriver.execute(RemoteWebDriver.java:531)
	at org.openqa.selenium.remote.ElementLocation$ElementFinder$2.findElement(ElementLocation.java:165)
	at org.openqa.selenium.remote.ElementLocation.findElement(ElementLocation.java:59)
	at org.openqa.selenium.remote.RemoteWebDriver.findElement(RemoteWebDriver.java:350)
	at org.openqa.selenium.remote.RemoteWebDriver.findElement(RemoteWebDriver.java:344)
	at org.openqa.selenium.support.pagefactory.DefaultElementLocator.findElement(DefaultElementLocator.java:68)
	at org.openqa.selenium.support.pagefactory.internal.LocatingElementHandler.invoke(LocatingElementHandler.java:38)
	at jdk.proxy2/jdk.proxy2.$Proxy22.click(Unknown Source)
	at PageClasses.FileDownloadPageClass.validateFileDownload(FileDownloadPageClass.java:48)
	at com.auto.theInternet.IntenetHerokuappPOC.FileDownloadTestClass.validateFileDownload(FileDownloadTestClass.java:18)
	at java.base/java.util.ArrayList.forEach(ArrayList.java:1596)
	at java.base/java.util.concurrent.FutureTask.run(FutureTask.java:317)
	at java.base/java.util.concurrent.ThreadPoolExecutor.runWorker(ThreadPoolExecutor.java:1144)
	at java.base/java.util.concurrent.ThreadPoolExecutor$Worker.run(ThreadPoolExecutor.java:642)
	at java.base/java.lang.Thread.run(Thread.java:1583)
... Removed 18 stack frames</div></td></tr></table><p class="totop"><a href="#summary">back to summary</a></p>
<h3 id="m16">com.auto.theInternet.IntenetHerokuappPOC.AddRemoveElementsTestClass#validateAddAndRemoveButtons</h3><table class="result"><tr><th class="invisible"/></tr></table><p class="totop"><a href="#summary">back to summary</a></p>
<h3 id="m17">com.auto.theInternet.IntenetHerokuappPOC.BasicAuthTestClass#BasicAuth</h3><table class="result"><tr><th class="invisible"/></tr></table><p class="totop"><a href="#summary">back to summary</a></p>
<h3 id="m18">com.auto.theInternet.IntenetHerokuappPOC.BrokenImageTestClass#validateStateOfImages</h3><table class="result"><tr><th class="invisible"/></tr></table><p class="totop"><a href="#summary">back to summary</a></p>
<h3 id="m19">com.auto.theInternet.IntenetHerokuappPOC.ChallengingDOMTestClass#validateChallengingDOM</h3><table class="result"><tr><th class="invisible"/></tr></table><p class="totop"><a href="#summary">back to summary</a></p>
<h3 id="m20">com.auto.theInternet.IntenetHerokuappPOC.CheckboxesTestClass#validateCheckboxes</h3><table class="result"><tr><th class="invisible"/></tr></table><p class="totop"><a href="#summary">back to summary</a></p>
<h3 id="m21">com.auto.theInternet.IntenetHerokuappPOC.ContextMenuTestClass#validateContextMenu</h3><table class="result"><tr><th class="invisible"/></tr></table><p class="totop"><a href="#summary">back to summary</a></p>
<h3 id="m22">com.auto.theInternet.IntenetHerokuappPOC.DisappearingElementsTestClass#validateDisappearingElements</h3><table class="result"><tr><th class="invisible"/></tr></table><p class="totop"><a href="#summary">back to summary</a></p>
<h3 id="m23">com.auto.theInternet.IntenetHerokuappPOC.DragAndDropTestClass#validatingDragAndDrop</h3><table class="result"><tr><th class="invisible"/></tr></table><p class="totop"><a href="#summary">back to summary</a></p>
<h3 id="m24">com.auto.theInternet.IntenetHerokuappPOC.DropDownTestClass#validateDropDown</h3><table class="result"><tr><th class="invisible"/></tr></table><p class="totop"><a href="#summary">back to summary</a></p>
<h3 id="m25">com.auto.theInternet.IntenetHerokuappPOC.DynamicContentTestClass#validateDynamicContentVariable</h3><table class="result"><tr><th class="invisible"/></tr></table><p class="totop"><a href="#summary">back to summary</a></p>
<h3 id="m26">com.auto.theInternet.IntenetHerokuappPOC.DynamicControlsTestClass#validateDynamicControl</h3><table class="result"><tr><th class="invisible"/></tr></table><p class="totop"><a href="#summary">back to summary</a></p>
<h3 id="m27">com.auto.theInternet.IntenetHerokuappPOC.DynamicLoadingTestClass#validateDynamicLoading</h3><table class="result"><tr><th class="invisible"/></tr></table><p class="totop"><a href="#summary">back to summary</a></p>
<h3 id="m28">com.auto.theInternet.IntenetHerokuappPOC.EntryAdTestClass#validateEntryAd</h3><table class="result"><tr><th class="invisible"/></tr></table><p class="totop"><a href="#summary">back to summary</a></p>
<h3 id="m29">com.auto.theInternet.IntenetHerokuappPOC.ValidateABTesting#validateABTest</h3><table class="result"><tr><th class="invisible"/></tr></table><p class="totop"><a href="#summary">back to summary</a></p>
</body>
</html>
