<?xml version="1.0" encoding="UTF-8"?>
<testng-results ignored="0" total="30" passed="28" failed="2" skipped="0">
  <reporter-output>
  </reporter-output>
  <suite started-at="2025-03-22T20:16:24 GST" name="ParallelTestSuite" finished-at="2025-03-22T20:20:31 GST" duration-ms="246892">
    <groups>
    </groups>
    <test started-at="2025-03-22T20:16:24 GST" name="ChromeTest" finished-at="2025-03-22T20:19:20 GST" duration-ms="176578">
      <class name="com.auto.theInternet.IntenetHerokuappPOC.BasicAuthTestClass">
        <test-method is-config="true" signature="setup(java.lang.String)[pri:0, instance:com.auto.theInternet.IntenetHerokuappPOC.BasicAuthTestClass@53dbe163]" started-at="2025-03-22T20:17:03 GST" name="setup" finished-at="2025-03-22T20:17:10 GST" duration-ms="7430" status="PASS">
          <params>
            <param index="0">
              <value>
                <![CDATA[chrome]]>
              </value>
            </param>
          </params>
          <reporter-output>
          </reporter-output>
        </test-method> <!-- setup -->
        <test-method signature="BasicAuth()[pri:0, instance:com.auto.theInternet.IntenetHerokuappPOC.BasicAuthTestClass@53dbe163]" started-at="2025-03-22T20:17:10 GST" name="BasicAuth" finished-at="2025-03-22T20:17:11 GST" duration-ms="772" status="PASS">
          <reporter-output>
          </reporter-output>
        </test-method> <!-- BasicAuth -->
        <test-method is-config="true" signature="tearDown()[pri:0, instance:com.auto.theInternet.IntenetHerokuappPOC.BasicAuthTestClass@53dbe163]" started-at="2025-03-22T20:17:11 GST" name="tearDown" finished-at="2025-03-22T20:17:11 GST" duration-ms="284" status="PASS">
          <reporter-output>
          </reporter-output>
        </test-method> <!-- tearDown -->
      </class> <!-- com.auto.theInternet.IntenetHerokuappPOC.BasicAuthTestClass -->
      <class name="com.auto.theInternet.IntenetHerokuappPOC.DynamicControlsTestClass">
        <test-method is-config="true" signature="setup(java.lang.String)[pri:0, instance:com.auto.theInternet.IntenetHerokuappPOC.DynamicControlsTestClass@6dee4f1b]" started-at="2025-03-22T20:18:22 GST" name="setup" finished-at="2025-03-22T20:18:29 GST" duration-ms="6784" status="PASS">
          <params>
            <param index="0">
              <value>
                <![CDATA[chrome]]>
              </value>
            </param>
          </params>
          <reporter-output>
          </reporter-output>
        </test-method> <!-- setup -->
        <test-method signature="validateDynamicControl()[pri:0, instance:com.auto.theInternet.IntenetHerokuappPOC.DynamicControlsTestClass@6dee4f1b]" started-at="2025-03-22T20:18:29 GST" name="validateDynamicControl" finished-at="2025-03-22T20:18:37 GST" duration-ms="7904" status="PASS">
          <reporter-output>
          </reporter-output>
        </test-method> <!-- validateDynamicControl -->
        <test-method is-config="true" signature="tearDown()[pri:0, instance:com.auto.theInternet.IntenetHerokuappPOC.DynamicControlsTestClass@6dee4f1b]" started-at="2025-03-22T20:18:37 GST" name="tearDown" finished-at="2025-03-22T20:18:37 GST" duration-ms="306" status="PASS">
          <reporter-output>
          </reporter-output>
        </test-method> <!-- tearDown -->
      </class> <!-- com.auto.theInternet.IntenetHerokuappPOC.DynamicControlsTestClass -->
      <class name="com.auto.theInternet.IntenetHerokuappPOC.CheckboxesTestClass">
        <test-method is-config="true" signature="setup(java.lang.String)[pri:0, instance:com.auto.theInternet.IntenetHerokuappPOC.CheckboxesTestClass@4748a0f9]" started-at="2025-03-22T20:17:29 GST" name="setup" finished-at="2025-03-22T20:17:38 GST" duration-ms="9003" status="PASS">
          <params>
            <param index="0">
              <value>
                <![CDATA[chrome]]>
              </value>
            </param>
          </params>
          <reporter-output>
          </reporter-output>
        </test-method> <!-- setup -->
        <test-method signature="validateCheckboxes()[pri:0, instance:com.auto.theInternet.IntenetHerokuappPOC.CheckboxesTestClass@4748a0f9]" started-at="2025-03-22T20:17:38 GST" name="validateCheckboxes" finished-at="2025-03-22T20:17:38 GST" duration-ms="814" status="PASS">
          <reporter-output>
          </reporter-output>
        </test-method> <!-- validateCheckboxes -->
        <test-method is-config="true" signature="tearDown()[pri:0, instance:com.auto.theInternet.IntenetHerokuappPOC.CheckboxesTestClass@4748a0f9]" started-at="2025-03-22T20:17:38 GST" name="tearDown" finished-at="2025-03-22T20:17:39 GST" duration-ms="237" status="PASS">
          <reporter-output>
          </reporter-output>
        </test-method> <!-- tearDown -->
      </class> <!-- com.auto.theInternet.IntenetHerokuappPOC.CheckboxesTestClass -->
      <class name="com.auto.theInternet.IntenetHerokuappPOC.DynamicLoadingTestClass">
        <test-method is-config="true" signature="setup(java.lang.String)[pri:0, instance:com.auto.theInternet.IntenetHerokuappPOC.DynamicLoadingTestClass@176b3f44]" started-at="2025-03-22T20:18:37 GST" name="setup" finished-at="2025-03-22T20:18:44 GST" duration-ms="6212" status="PASS">
          <params>
            <param index="0">
              <value>
                <![CDATA[chrome]]>
              </value>
            </param>
          </params>
          <reporter-output>
          </reporter-output>
        </test-method> <!-- setup -->
        <test-method signature="validateDynamicLoading()[pri:0, instance:com.auto.theInternet.IntenetHerokuappPOC.DynamicLoadingTestClass@176b3f44]" started-at="2025-03-22T20:18:44 GST" name="validateDynamicLoading" finished-at="2025-03-22T20:18:57 GST" duration-ms="12985" status="PASS">
          <reporter-output>
          </reporter-output>
        </test-method> <!-- validateDynamicLoading -->
        <test-method is-config="true" signature="tearDown()[pri:0, instance:com.auto.theInternet.IntenetHerokuappPOC.DynamicLoadingTestClass@176b3f44]" started-at="2025-03-22T20:18:57 GST" name="tearDown" finished-at="2025-03-22T20:18:57 GST" duration-ms="271" status="PASS">
          <reporter-output>
          </reporter-output>
        </test-method> <!-- tearDown -->
      </class> <!-- com.auto.theInternet.IntenetHerokuappPOC.DynamicLoadingTestClass -->
      <class name="com.auto.theInternet.IntenetHerokuappPOC.DragAndDropTestClass">
        <test-method is-config="true" signature="setup(java.lang.String)[pri:0, instance:com.auto.theInternet.IntenetHerokuappPOC.DragAndDropTestClass@1a6c1270]" started-at="2025-03-22T20:17:55 GST" name="setup" finished-at="2025-03-22T20:18:03 GST" duration-ms="7375" status="PASS">
          <params>
            <param index="0">
              <value>
                <![CDATA[chrome]]>
              </value>
            </param>
          </params>
          <reporter-output>
          </reporter-output>
        </test-method> <!-- setup -->
        <test-method signature="validatingDragAndDrop()[pri:0, instance:com.auto.theInternet.IntenetHerokuappPOC.DragAndDropTestClass@1a6c1270]" started-at="2025-03-22T20:18:03 GST" name="validatingDragAndDrop" finished-at="2025-03-22T20:18:03 GST" duration-ms="764" status="PASS">
          <reporter-output>
          </reporter-output>
        </test-method> <!-- validatingDragAndDrop -->
        <test-method is-config="true" signature="tearDown()[pri:0, instance:com.auto.theInternet.IntenetHerokuappPOC.DragAndDropTestClass@1a6c1270]" started-at="2025-03-22T20:18:03 GST" name="tearDown" finished-at="2025-03-22T20:18:04 GST" duration-ms="347" status="PASS">
          <reporter-output>
          </reporter-output>
        </test-method> <!-- tearDown -->
      </class> <!-- com.auto.theInternet.IntenetHerokuappPOC.DragAndDropTestClass -->
      <class name="com.auto.theInternet.IntenetHerokuappPOC.BrokenImageTestClass">
        <test-method is-config="true" signature="setup(java.lang.String)[pri:0, instance:com.auto.theInternet.IntenetHerokuappPOC.BrokenImageTestClass@db57326]" started-at="2025-03-22T20:17:11 GST" name="setup" finished-at="2025-03-22T20:17:17 GST" duration-ms="5985" status="PASS">
          <params>
            <param index="0">
              <value>
                <![CDATA[chrome]]>
              </value>
            </param>
          </params>
          <reporter-output>
          </reporter-output>
        </test-method> <!-- setup -->
        <test-method signature="validateStateOfImages()[pri:0, instance:com.auto.theInternet.IntenetHerokuappPOC.BrokenImageTestClass@db57326]" started-at="2025-03-22T20:17:17 GST" name="validateStateOfImages" finished-at="2025-03-22T20:17:20 GST" duration-ms="2568" status="PASS">
          <reporter-output>
          </reporter-output>
        </test-method> <!-- validateStateOfImages -->
        <test-method is-config="true" signature="tearDown()[pri:0, instance:com.auto.theInternet.IntenetHerokuappPOC.BrokenImageTestClass@db57326]" started-at="2025-03-22T20:17:20 GST" name="tearDown" finished-at="2025-03-22T20:17:20 GST" duration-ms="261" status="PASS">
          <reporter-output>
          </reporter-output>
        </test-method> <!-- tearDown -->
      </class> <!-- com.auto.theInternet.IntenetHerokuappPOC.BrokenImageTestClass -->
      <class name="com.auto.theInternet.IntenetHerokuappPOC.FileDownloadTestClass">
        <test-method is-config="true" signature="setup(java.lang.String)[pri:0, instance:com.auto.theInternet.IntenetHerokuappPOC.FileDownloadTestClass@5d12a356]" started-at="2025-03-22T20:19:05 GST" name="setup" finished-at="2025-03-22T20:19:12 GST" duration-ms="7120" status="PASS">
          <params>
            <param index="0">
              <value>
                <![CDATA[chrome]]>
              </value>
            </param>
          </params>
          <reporter-output>
          </reporter-output>
        </test-method> <!-- setup -->
        <test-method signature="validateFileDownload()[pri:0, instance:com.auto.theInternet.IntenetHerokuappPOC.FileDownloadTestClass@5d12a356]" started-at="2025-03-22T20:19:12 GST" name="validateFileDownload" finished-at="2025-03-22T20:19:13 GST" duration-ms="709" status="FAIL">
          <exception class="org.openqa.selenium.NoSuchElementException">
            <message>
              <![CDATA[no such element: Unable to locate element: {"method":"css selector","selector":".example a:nth-of-type(3)"}
  (Session info: chrome=134.0.6998.118)
For documentation on this error, please visit: https://www.selenium.dev/documentation/webdriver/troubleshooting/errors#no-such-element-exception
Build info: version: '4.10.0', revision: 'c14d967899'
System info: os.name: 'Mac OS X', os.arch: 'x86_64', os.version: '12.7.6', java.version: '21.0.5'
Driver info: org.openqa.selenium.chrome.ChromeDriver
Command: [9b7b702ea69d552e33571a255d4262b0, findElement {using=css selector, value=.example a:nth-of-type(3)}]
Capabilities {acceptInsecureCerts: false, browserName: chrome, browserVersion: 134.0.6998.118, chrome: {chromedriverVersion: 134.0.6998.165 (fd886e2cb29..., userDataDir: /var/folders/6n/54r6dxdd3l3...}, fedcm:accounts: true, goog:chromeOptions: {debuggerAddress: localhost:61621}, networkConnectionEnabled: false, pageLoadStrategy: normal, platformName: mac, proxy: Proxy(), se:cdp: ws://localhost:61621/devtoo..., se:cdpVersion: 134.0.6998.118, setWindowRect: true, strictFileInteractability: false, timeouts: {implicit: 0, pageLoad: 300000, script: 30000}, unhandledPromptBehavior: dismiss and notify, webauthn:extension:credBlob: true, webauthn:extension:largeBlob: true, webauthn:extension:minPinLength: true, webauthn:extension:prf: true, webauthn:virtualAuthenticators: true}
Session ID: 9b7b702ea69d552e33571a255d4262b0]]>
            </message>
            <full-stacktrace>
              <![CDATA[org.openqa.selenium.NoSuchElementException: no such element: Unable to locate element: {"method":"css selector","selector":".example a:nth-of-type(3)"}
  (Session info: chrome=134.0.6998.118)
For documentation on this error, please visit: https://www.selenium.dev/documentation/webdriver/troubleshooting/errors#no-such-element-exception
Build info: version: '4.10.0', revision: 'c14d967899'
System info: os.name: 'Mac OS X', os.arch: 'x86_64', os.version: '12.7.6', java.version: '21.0.5'
Driver info: org.openqa.selenium.chrome.ChromeDriver
Command: [9b7b702ea69d552e33571a255d4262b0, findElement {using=css selector, value=.example a:nth-of-type(3)}]
Capabilities {acceptInsecureCerts: false, browserName: chrome, browserVersion: 134.0.6998.118, chrome: {chromedriverVersion: 134.0.6998.165 (fd886e2cb29..., userDataDir: /var/folders/6n/54r6dxdd3l3...}, fedcm:accounts: true, goog:chromeOptions: {debuggerAddress: localhost:61621}, networkConnectionEnabled: false, pageLoadStrategy: normal, platformName: mac, proxy: Proxy(), se:cdp: ws://localhost:61621/devtoo..., se:cdpVersion: 134.0.6998.118, setWindowRect: true, strictFileInteractability: false, timeouts: {implicit: 0, pageLoad: 300000, script: 30000}, unhandledPromptBehavior: dismiss and notify, webauthn:extension:credBlob: true, webauthn:extension:largeBlob: true, webauthn:extension:minPinLength: true, webauthn:extension:prf: true, webauthn:virtualAuthenticators: true}
Session ID: 9b7b702ea69d552e33571a255d4262b0
at java.base/jdk.internal.reflect.DirectConstructorHandleAccessor.newInstance(DirectConstructorHandleAccessor.java:62)
at java.base/java.lang.reflect.Constructor.newInstanceWithCaller(Constructor.java:502)
at java.base/java.lang.reflect.Constructor.newInstance(Constructor.java:486)
at org.openqa.selenium.remote.codec.w3c.W3CHttpResponseCodec.createException(W3CHttpResponseCodec.java:199)
at org.openqa.selenium.remote.codec.w3c.W3CHttpResponseCodec.decode(W3CHttpResponseCodec.java:132)
at org.openqa.selenium.remote.codec.w3c.W3CHttpResponseCodec.decode(W3CHttpResponseCodec.java:51)
at org.openqa.selenium.remote.HttpCommandExecutor.execute(HttpCommandExecutor.java:191)
at org.openqa.selenium.remote.service.DriverCommandExecutor.invokeExecute(DriverCommandExecutor.java:196)
at org.openqa.selenium.remote.service.DriverCommandExecutor.execute(DriverCommandExecutor.java:171)
at org.openqa.selenium.remote.RemoteWebDriver.execute(RemoteWebDriver.java:531)
at org.openqa.selenium.remote.ElementLocation$ElementFinder$2.findElement(ElementLocation.java:165)
at org.openqa.selenium.remote.ElementLocation.findElement(ElementLocation.java:59)
at org.openqa.selenium.remote.RemoteWebDriver.findElement(RemoteWebDriver.java:350)
at org.openqa.selenium.remote.RemoteWebDriver.findElement(RemoteWebDriver.java:344)
at org.openqa.selenium.support.pagefactory.DefaultElementLocator.findElement(DefaultElementLocator.java:68)
at org.openqa.selenium.support.pagefactory.internal.LocatingElementHandler.invoke(LocatingElementHandler.java:38)
at jdk.proxy2/jdk.proxy2.$Proxy22.click(Unknown Source)
at PageClasses.FileDownloadPageClass.validateFileDownload(FileDownloadPageClass.java:48)
at com.auto.theInternet.IntenetHerokuappPOC.FileDownloadTestClass.validateFileDownload(FileDownloadTestClass.java:18)
at java.base/jdk.internal.reflect.DirectMethodHandleAccessor.invoke(DirectMethodHandleAccessor.java:103)
at java.base/java.lang.reflect.Method.invoke(Method.java:580)
at org.testng.internal.invokers.MethodInvocationHelper.invokeMethod(MethodInvocationHelper.java:139)
at org.testng.internal.invokers.TestInvoker.invokeMethod(TestInvoker.java:664)
at org.testng.internal.invokers.TestInvoker.invokeTestMethod(TestInvoker.java:227)
at org.testng.internal.invokers.MethodRunner.runInSequence(MethodRunner.java:50)
at org.testng.internal.invokers.TestInvoker$MethodInvocationAgent.invoke(TestInvoker.java:957)
at org.testng.internal.invokers.TestInvoker.invokeTestMethods(TestInvoker.java:200)
at org.testng.internal.invokers.TestMethodWorker.invokeTestMethods(TestMethodWorker.java:148)
at org.testng.internal.invokers.TestMethodWorker.run(TestMethodWorker.java:128)
at java.base/java.util.ArrayList.forEach(ArrayList.java:1596)
at org.testng.TestRunner.privateRun(TestRunner.java:848)
at org.testng.TestRunner.run(TestRunner.java:621)
at org.testng.SuiteRunner.runTest(SuiteRunner.java:443)
at org.testng.SuiteRunner$SuiteWorker.run(SuiteRunner.java:481)
at org.testng.internal.thread.ThreadUtil.lambda$execute$0(ThreadUtil.java:58)
at java.base/java.util.concurrent.FutureTask.run(FutureTask.java:317)
at java.base/java.util.concurrent.ThreadPoolExecutor.runWorker(ThreadPoolExecutor.java:1144)
at java.base/java.util.concurrent.ThreadPoolExecutor$Worker.run(ThreadPoolExecutor.java:642)
at java.base/java.lang.Thread.run(Thread.java:1583)
]]>
            </full-stacktrace>
          </exception> <!-- org.openqa.selenium.NoSuchElementException -->
          <reporter-output>
          </reporter-output>
        </test-method> <!-- validateFileDownload -->
        <test-method is-config="true" signature="tearDown()[pri:0, instance:com.auto.theInternet.IntenetHerokuappPOC.FileDownloadTestClass@5d12a356]" started-at="2025-03-22T20:19:13 GST" name="tearDown" finished-at="2025-03-22T20:19:13 GST" duration-ms="247" status="PASS">
          <reporter-output>
          </reporter-output>
        </test-method> <!-- tearDown -->
      </class> <!-- com.auto.theInternet.IntenetHerokuappPOC.FileDownloadTestClass -->
      <class name="com.auto.theInternet.IntenetHerokuappPOC.EntryAdTestClass">
        <test-method is-config="true" signature="setup(java.lang.String)[pri:0, instance:com.auto.theInternet.IntenetHerokuappPOC.EntryAdTestClass@6ee6f53]" started-at="2025-03-22T20:18:57 GST" name="setup" finished-at="2025-03-22T20:19:03 GST" duration-ms="6341" status="PASS">
          <params>
            <param index="0">
              <value>
                <![CDATA[chrome]]>
              </value>
            </param>
          </params>
          <reporter-output>
          </reporter-output>
        </test-method> <!-- setup -->
        <test-method signature="validateEntryAd()[pri:0, instance:com.auto.theInternet.IntenetHerokuappPOC.EntryAdTestClass@6ee6f53]" started-at="2025-03-22T20:19:03 GST" name="validateEntryAd" finished-at="2025-03-22T20:19:05 GST" duration-ms="1344" status="PASS">
          <reporter-output>
          </reporter-output>
        </test-method> <!-- validateEntryAd -->
        <test-method is-config="true" signature="tearDown()[pri:0, instance:com.auto.theInternet.IntenetHerokuappPOC.EntryAdTestClass@6ee6f53]" started-at="2025-03-22T20:19:05 GST" name="tearDown" finished-at="2025-03-22T20:19:05 GST" duration-ms="224" status="PASS">
          <reporter-output>
          </reporter-output>
        </test-method> <!-- tearDown -->
      </class> <!-- com.auto.theInternet.IntenetHerokuappPOC.EntryAdTestClass -->
      <class name="com.auto.theInternet.IntenetHerokuappPOC.AddRemoveElementsTestClass">
        <test-method is-config="true" signature="setup(java.lang.String)[pri:0, instance:com.auto.theInternet.IntenetHerokuappPOC.AddRemoveElementsTestClass@1f3f02ee]" started-at="2025-03-22T20:16:24 GST" name="setup" finished-at="2025-03-22T20:17:01 GST" duration-ms="37459" status="PASS">
          <params>
            <param index="0">
              <value>
                <![CDATA[chrome]]>
              </value>
            </param>
          </params>
          <reporter-output>
          </reporter-output>
        </test-method> <!-- setup -->
        <test-method signature="validateAddAndRemoveButtons()[pri:0, instance:com.auto.theInternet.IntenetHerokuappPOC.AddRemoveElementsTestClass@1f3f02ee]" started-at="2025-03-22T20:17:01 GST" name="validateAddAndRemoveButtons" finished-at="2025-03-22T20:17:02 GST" duration-ms="1133" status="PASS">
          <reporter-output>
          </reporter-output>
        </test-method> <!-- validateAddAndRemoveButtons -->
        <test-method is-config="true" signature="tearDown()[pri:0, instance:com.auto.theInternet.IntenetHerokuappPOC.AddRemoveElementsTestClass@1f3f02ee]" started-at="2025-03-22T20:17:02 GST" name="tearDown" finished-at="2025-03-22T20:17:03 GST" duration-ms="279" status="PASS">
          <reporter-output>
          </reporter-output>
        </test-method> <!-- tearDown -->
      </class> <!-- com.auto.theInternet.IntenetHerokuappPOC.AddRemoveElementsTestClass -->
      <class name="com.auto.theInternet.IntenetHerokuappPOC.ContextMenuTestClass">
        <test-method is-config="true" signature="setup(java.lang.String)[pri:0, instance:com.auto.theInternet.IntenetHerokuappPOC.ContextMenuTestClass@4b14918a]" started-at="2025-03-22T20:17:39 GST" name="setup" finished-at="2025-03-22T20:17:45 GST" duration-ms="6448" status="PASS">
          <params>
            <param index="0">
              <value>
                <![CDATA[chrome]]>
              </value>
            </param>
          </params>
          <reporter-output>
          </reporter-output>
        </test-method> <!-- setup -->
        <test-method signature="validateContextMenu()[pri:0, instance:com.auto.theInternet.IntenetHerokuappPOC.ContextMenuTestClass@4b14918a]" started-at="2025-03-22T20:17:45 GST" name="validateContextMenu" finished-at="2025-03-22T20:17:46 GST" duration-ms="828" status="PASS">
          <reporter-output>
          </reporter-output>
        </test-method> <!-- validateContextMenu -->
        <test-method is-config="true" signature="tearDown()[pri:0, instance:com.auto.theInternet.IntenetHerokuappPOC.ContextMenuTestClass@4b14918a]" started-at="2025-03-22T20:17:46 GST" name="tearDown" finished-at="2025-03-22T20:17:46 GST" duration-ms="261" status="PASS">
          <reporter-output>
          </reporter-output>
        </test-method> <!-- tearDown -->
      </class> <!-- com.auto.theInternet.IntenetHerokuappPOC.ContextMenuTestClass -->
      <class name="com.auto.theInternet.IntenetHerokuappPOC.DynamicContentTestClass">
        <test-method is-config="true" signature="setup(java.lang.String)[pri:0, instance:com.auto.theInternet.IntenetHerokuappPOC.DynamicContentTestClass@77d67cf3]" started-at="2025-03-22T20:18:12 GST" name="setup" finished-at="2025-03-22T20:18:17 GST" duration-ms="5297" status="PASS">
          <params>
            <param index="0">
              <value>
                <![CDATA[chrome]]>
              </value>
            </param>
          </params>
          <reporter-output>
          </reporter-output>
        </test-method> <!-- setup -->
        <test-method signature="validateDynamicContentVariable()[pri:0, instance:com.auto.theInternet.IntenetHerokuappPOC.DynamicContentTestClass@77d67cf3]" started-at="2025-03-22T20:18:17 GST" name="validateDynamicContentVariable" finished-at="2025-03-22T20:18:22 GST" duration-ms="4913" status="PASS">
          <reporter-output>
          </reporter-output>
        </test-method> <!-- validateDynamicContentVariable -->
        <test-method is-config="true" signature="tearDown()[pri:0, instance:com.auto.theInternet.IntenetHerokuappPOC.DynamicContentTestClass@77d67cf3]" started-at="2025-03-22T20:18:22 GST" name="tearDown" finished-at="2025-03-22T20:18:22 GST" duration-ms="322" status="PASS">
          <reporter-output>
          </reporter-output>
        </test-method> <!-- tearDown -->
      </class> <!-- com.auto.theInternet.IntenetHerokuappPOC.DynamicContentTestClass -->
      <class name="com.auto.theInternet.IntenetHerokuappPOC.ValidateABTesting">
        <test-method is-config="true" signature="setup(java.lang.String)[pri:0, instance:com.auto.theInternet.IntenetHerokuappPOC.ValidateABTesting@134d26af]" started-at="2025-03-22T20:19:13 GST" name="setup" finished-at="2025-03-22T20:19:20 GST" duration-ms="6600" status="PASS">
          <params>
            <param index="0">
              <value>
                <![CDATA[chrome]]>
              </value>
            </param>
          </params>
          <reporter-output>
          </reporter-output>
        </test-method> <!-- setup -->
        <test-method signature="validateABTest()[pri:0, instance:com.auto.theInternet.IntenetHerokuappPOC.ValidateABTesting@134d26af]" started-at="2025-03-22T20:19:20 GST" name="validateABTest" finished-at="2025-03-22T20:19:20 GST" duration-ms="643" status="PASS">
          <reporter-output>
          </reporter-output>
        </test-method> <!-- validateABTest -->
        <test-method is-config="true" signature="tearDown()[pri:0, instance:com.auto.theInternet.IntenetHerokuappPOC.ValidateABTesting@134d26af]" started-at="2025-03-22T20:19:20 GST" name="tearDown" finished-at="2025-03-22T20:19:20 GST" duration-ms="211" status="PASS">
          <reporter-output>
          </reporter-output>
        </test-method> <!-- tearDown -->
      </class> <!-- com.auto.theInternet.IntenetHerokuappPOC.ValidateABTesting -->
      <class name="com.auto.theInternet.IntenetHerokuappPOC.DisappearingElementsTestClass">
        <test-method is-config="true" signature="setup(java.lang.String)[pri:0, instance:com.auto.theInternet.IntenetHerokuappPOC.DisappearingElementsTestClass@6d1ef78d]" started-at="2025-03-22T20:17:46 GST" name="setup" finished-at="2025-03-22T20:17:53 GST" duration-ms="6399" status="PASS">
          <params>
            <param index="0">
              <value>
                <![CDATA[chrome]]>
              </value>
            </param>
          </params>
          <reporter-output>
          </reporter-output>
        </test-method> <!-- setup -->
        <test-method signature="validateDisappearingElements()[pri:0, instance:com.auto.theInternet.IntenetHerokuappPOC.DisappearingElementsTestClass@6d1ef78d]" started-at="2025-03-22T20:17:53 GST" name="validateDisappearingElements" finished-at="2025-03-22T20:17:55 GST" duration-ms="2294" status="PASS">
          <reporter-output>
          </reporter-output>
        </test-method> <!-- validateDisappearingElements -->
        <test-method is-config="true" signature="tearDown()[pri:0, instance:com.auto.theInternet.IntenetHerokuappPOC.DisappearingElementsTestClass@6d1ef78d]" started-at="2025-03-22T20:17:55 GST" name="tearDown" finished-at="2025-03-22T20:17:55 GST" duration-ms="251" status="PASS">
          <reporter-output>
          </reporter-output>
        </test-method> <!-- tearDown -->
      </class> <!-- com.auto.theInternet.IntenetHerokuappPOC.DisappearingElementsTestClass -->
      <class name="com.auto.theInternet.IntenetHerokuappPOC.ChallengingDOMTestClass">
        <test-method is-config="true" signature="setup(java.lang.String)[pri:0, instance:com.auto.theInternet.IntenetHerokuappPOC.ChallengingDOMTestClass@34a875b3]" started-at="2025-03-22T20:17:20 GST" name="setup" finished-at="2025-03-22T20:17:27 GST" duration-ms="6987" status="PASS">
          <params>
            <param index="0">
              <value>
                <![CDATA[chrome]]>
              </value>
            </param>
          </params>
          <reporter-output>
          </reporter-output>
        </test-method> <!-- setup -->
        <test-method signature="validateChallengingDOM()[pri:0, instance:com.auto.theInternet.IntenetHerokuappPOC.ChallengingDOMTestClass@34a875b3]" started-at="2025-03-22T20:17:27 GST" name="validateChallengingDOM" finished-at="2025-03-22T20:17:28 GST" duration-ms="1094" status="PASS">
          <reporter-output>
          </reporter-output>
        </test-method> <!-- validateChallengingDOM -->
        <test-method is-config="true" signature="tearDown()[pri:0, instance:com.auto.theInternet.IntenetHerokuappPOC.ChallengingDOMTestClass@34a875b3]" started-at="2025-03-22T20:17:28 GST" name="tearDown" finished-at="2025-03-22T20:17:29 GST" duration-ms="387" status="PASS">
          <reporter-output>
          </reporter-output>
        </test-method> <!-- tearDown -->
      </class> <!-- com.auto.theInternet.IntenetHerokuappPOC.ChallengingDOMTestClass -->
      <class name="com.auto.theInternet.IntenetHerokuappPOC.DropDownTestClass">
        <test-method is-config="true" signature="setup(java.lang.String)[pri:0, instance:com.auto.theInternet.IntenetHerokuappPOC.DropDownTestClass@18a136ac]" started-at="2025-03-22T20:18:04 GST" name="setup" finished-at="2025-03-22T20:18:10 GST" duration-ms="6582" status="PASS">
          <params>
            <param index="0">
              <value>
                <![CDATA[chrome]]>
              </value>
            </param>
          </params>
          <reporter-output>
          </reporter-output>
        </test-method> <!-- setup -->
        <test-method signature="validateDropDown()[pri:0, instance:com.auto.theInternet.IntenetHerokuappPOC.DropDownTestClass@18a136ac]" started-at="2025-03-22T20:18:10 GST" name="validateDropDown" finished-at="2025-03-22T20:18:11 GST" duration-ms="1229" status="PASS">
          <reporter-output>
          </reporter-output>
        </test-method> <!-- validateDropDown -->
        <test-method is-config="true" signature="tearDown()[pri:0, instance:com.auto.theInternet.IntenetHerokuappPOC.DropDownTestClass@18a136ac]" started-at="2025-03-22T20:18:11 GST" name="tearDown" finished-at="2025-03-22T20:18:12 GST" duration-ms="471" status="PASS">
          <reporter-output>
          </reporter-output>
        </test-method> <!-- tearDown -->
      </class> <!-- com.auto.theInternet.IntenetHerokuappPOC.DropDownTestClass -->
    </test> <!-- ChromeTest -->
    <test started-at="2025-03-22T20:16:24 GST" name="FirefoxTest" finished-at="2025-03-22T20:20:31 GST" duration-ms="246890">
      <class name="com.auto.theInternet.IntenetHerokuappPOC.BasicAuthTestClass">
        <test-method is-config="true" signature="setup(java.lang.String)[pri:0, instance:com.auto.theInternet.IntenetHerokuappPOC.BasicAuthTestClass@2dc995f4]" started-at="2025-03-22T20:16:45 GST" name="setup" finished-at="2025-03-22T20:16:54 GST" duration-ms="9443" status="PASS">
          <params>
            <param index="0">
              <value>
                <![CDATA[firefox]]>
              </value>
            </param>
          </params>
          <reporter-output>
          </reporter-output>
        </test-method> <!-- setup -->
        <test-method signature="BasicAuth()[pri:0, instance:com.auto.theInternet.IntenetHerokuappPOC.BasicAuthTestClass@2dc995f4]" started-at="2025-03-22T20:16:54 GST" name="BasicAuth" finished-at="2025-03-22T20:16:57 GST" duration-ms="2967" status="PASS">
          <reporter-output>
          </reporter-output>
        </test-method> <!-- BasicAuth -->
        <test-method is-config="true" signature="tearDown()[pri:0, instance:com.auto.theInternet.IntenetHerokuappPOC.BasicAuthTestClass@2dc995f4]" started-at="2025-03-22T20:16:57 GST" name="tearDown" finished-at="2025-03-22T20:17:00 GST" duration-ms="2552" status="PASS">
          <reporter-output>
          </reporter-output>
        </test-method> <!-- tearDown -->
      </class> <!-- com.auto.theInternet.IntenetHerokuappPOC.BasicAuthTestClass -->
      <class name="com.auto.theInternet.IntenetHerokuappPOC.DynamicControlsTestClass">
        <test-method is-config="true" signature="setup(java.lang.String)[pri:0, instance:com.auto.theInternet.IntenetHerokuappPOC.DynamicControlsTestClass@55322aab]" started-at="2025-03-22T20:19:16 GST" name="setup" finished-at="2025-03-22T20:19:25 GST" duration-ms="9028" status="PASS">
          <params>
            <param index="0">
              <value>
                <![CDATA[firefox]]>
              </value>
            </param>
          </params>
          <reporter-output>
          </reporter-output>
        </test-method> <!-- setup -->
        <test-method signature="validateDynamicControl()[pri:0, instance:com.auto.theInternet.IntenetHerokuappPOC.DynamicControlsTestClass@55322aab]" started-at="2025-03-22T20:19:25 GST" name="validateDynamicControl" finished-at="2025-03-22T20:19:33 GST" duration-ms="8077" status="PASS">
          <reporter-output>
          </reporter-output>
        </test-method> <!-- validateDynamicControl -->
        <test-method is-config="true" signature="tearDown()[pri:0, instance:com.auto.theInternet.IntenetHerokuappPOC.DynamicControlsTestClass@55322aab]" started-at="2025-03-22T20:19:33 GST" name="tearDown" finished-at="2025-03-22T20:19:34 GST" duration-ms="1134" status="PASS">
          <reporter-output>
          </reporter-output>
        </test-method> <!-- tearDown -->
      </class> <!-- com.auto.theInternet.IntenetHerokuappPOC.DynamicControlsTestClass -->
      <class name="com.auto.theInternet.IntenetHerokuappPOC.CheckboxesTestClass">
        <test-method is-config="true" signature="setup(java.lang.String)[pri:0, instance:com.auto.theInternet.IntenetHerokuappPOC.CheckboxesTestClass@64b73e7a]" started-at="2025-03-22T20:17:34 GST" name="setup" finished-at="2025-03-22T20:17:46 GST" duration-ms="12222" status="PASS">
          <params>
            <param index="0">
              <value>
                <![CDATA[firefox]]>
              </value>
            </param>
          </params>
          <reporter-output>
          </reporter-output>
        </test-method> <!-- setup -->
        <test-method signature="validateCheckboxes()[pri:0, instance:com.auto.theInternet.IntenetHerokuappPOC.CheckboxesTestClass@64b73e7a]" started-at="2025-03-22T20:17:46 GST" name="validateCheckboxes" finished-at="2025-03-22T20:17:47 GST" duration-ms="1030" status="PASS">
          <reporter-output>
          </reporter-output>
        </test-method> <!-- validateCheckboxes -->
        <test-method is-config="true" signature="tearDown()[pri:0, instance:com.auto.theInternet.IntenetHerokuappPOC.CheckboxesTestClass@64b73e7a]" started-at="2025-03-22T20:17:47 GST" name="tearDown" finished-at="2025-03-22T20:17:50 GST" duration-ms="2298" status="PASS">
          <reporter-output>
          </reporter-output>
        </test-method> <!-- tearDown -->
      </class> <!-- com.auto.theInternet.IntenetHerokuappPOC.CheckboxesTestClass -->
      <class name="com.auto.theInternet.IntenetHerokuappPOC.DynamicLoadingTestClass">
        <test-method is-config="true" signature="setup(java.lang.String)[pri:0, instance:com.auto.theInternet.IntenetHerokuappPOC.DynamicLoadingTestClass@2b4c1d96]" started-at="2025-03-22T20:19:34 GST" name="setup" finished-at="2025-03-22T20:19:43 GST" duration-ms="9025" status="PASS">
          <params>
            <param index="0">
              <value>
                <![CDATA[firefox]]>
              </value>
            </param>
          </params>
          <reporter-output>
          </reporter-output>
        </test-method> <!-- setup -->
        <test-method signature="validateDynamicLoading()[pri:0, instance:com.auto.theInternet.IntenetHerokuappPOC.DynamicLoadingTestClass@2b4c1d96]" started-at="2025-03-22T20:19:43 GST" name="validateDynamicLoading" finished-at="2025-03-22T20:19:56 GST" duration-ms="12332" status="PASS">
          <reporter-output>
          </reporter-output>
        </test-method> <!-- validateDynamicLoading -->
        <test-method is-config="true" signature="tearDown()[pri:0, instance:com.auto.theInternet.IntenetHerokuappPOC.DynamicLoadingTestClass@2b4c1d96]" started-at="2025-03-22T20:19:56 GST" name="tearDown" finished-at="2025-03-22T20:19:57 GST" duration-ms="1240" status="PASS">
          <reporter-output>
          </reporter-output>
        </test-method> <!-- tearDown -->
      </class> <!-- com.auto.theInternet.IntenetHerokuappPOC.DynamicLoadingTestClass -->
      <class name="com.auto.theInternet.IntenetHerokuappPOC.DragAndDropTestClass">
        <test-method is-config="true" signature="setup(java.lang.String)[pri:0, instance:com.auto.theInternet.IntenetHerokuappPOC.DragAndDropTestClass@12ed9db6]" started-at="2025-03-22T20:18:22 GST" name="setup" finished-at="2025-03-22T20:18:33 GST" duration-ms="11082" status="PASS">
          <params>
            <param index="0">
              <value>
                <![CDATA[firefox]]>
              </value>
            </param>
          </params>
          <reporter-output>
          </reporter-output>
        </test-method> <!-- setup -->
        <test-method signature="validatingDragAndDrop()[pri:0, instance:com.auto.theInternet.IntenetHerokuappPOC.DragAndDropTestClass@12ed9db6]" started-at="2025-03-22T20:18:33 GST" name="validatingDragAndDrop" finished-at="2025-03-22T20:18:34 GST" duration-ms="536" status="PASS">
          <reporter-output>
          </reporter-output>
        </test-method> <!-- validatingDragAndDrop -->
        <test-method is-config="true" signature="tearDown()[pri:0, instance:com.auto.theInternet.IntenetHerokuappPOC.DragAndDropTestClass@12ed9db6]" started-at="2025-03-22T20:18:34 GST" name="tearDown" finished-at="2025-03-22T20:18:35 GST" duration-ms="1382" status="PASS">
          <reporter-output>
          </reporter-output>
        </test-method> <!-- tearDown -->
      </class> <!-- com.auto.theInternet.IntenetHerokuappPOC.DragAndDropTestClass -->
      <class name="com.auto.theInternet.IntenetHerokuappPOC.BrokenImageTestClass">
        <test-method is-config="true" signature="setup(java.lang.String)[pri:0, instance:com.auto.theInternet.IntenetHerokuappPOC.BrokenImageTestClass@2f40e5db]" started-at="2025-03-22T20:17:00 GST" name="setup" finished-at="2025-03-22T20:17:13 GST" duration-ms="13057" status="PASS">
          <params>
            <param index="0">
              <value>
                <![CDATA[firefox]]>
              </value>
            </param>
          </params>
          <reporter-output>
          </reporter-output>
        </test-method> <!-- setup -->
        <test-method signature="validateStateOfImages()[pri:0, instance:com.auto.theInternet.IntenetHerokuappPOC.BrokenImageTestClass@2f40e5db]" started-at="2025-03-22T20:17:13 GST" name="validateStateOfImages" finished-at="2025-03-22T20:17:16 GST" duration-ms="2959" status="PASS">
          <reporter-output>
          </reporter-output>
        </test-method> <!-- validateStateOfImages -->
        <test-method is-config="true" signature="tearDown()[pri:0, instance:com.auto.theInternet.IntenetHerokuappPOC.BrokenImageTestClass@2f40e5db]" started-at="2025-03-22T20:17:16 GST" name="tearDown" finished-at="2025-03-22T20:17:18 GST" duration-ms="1986" status="PASS">
          <reporter-output>
          </reporter-output>
        </test-method> <!-- tearDown -->
      </class> <!-- com.auto.theInternet.IntenetHerokuappPOC.BrokenImageTestClass -->
      <class name="com.auto.theInternet.IntenetHerokuappPOC.FileDownloadTestClass">
        <test-method is-config="true" signature="setup(java.lang.String)[pri:0, instance:com.auto.theInternet.IntenetHerokuappPOC.FileDownloadTestClass@146587a2]" started-at="2025-03-22T20:20:09 GST" name="setup" finished-at="2025-03-22T20:20:18 GST" duration-ms="9097" status="PASS">
          <params>
            <param index="0">
              <value>
                <![CDATA[firefox]]>
              </value>
            </param>
          </params>
          <reporter-output>
          </reporter-output>
        </test-method> <!-- setup -->
        <test-method signature="validateFileDownload()[pri:0, instance:com.auto.theInternet.IntenetHerokuappPOC.FileDownloadTestClass@146587a2]" started-at="2025-03-22T20:20:18 GST" name="validateFileDownload" finished-at="2025-03-22T20:20:18 GST" duration-ms="707" status="FAIL">
          <exception class="org.openqa.selenium.NoSuchElementException">
            <message>
              <![CDATA[Unable to locate element: .example a:nth-of-type(3)
For documentation on this error, please visit: https://www.selenium.dev/documentation/webdriver/troubleshooting/errors#no-such-element-exception
Build info: version: '4.10.0', revision: 'c14d967899'
System info: os.name: 'Mac OS X', os.arch: 'x86_64', os.version: '12.7.6', java.version: '21.0.5'
Driver info: org.openqa.selenium.firefox.FirefoxDriver
Command: [13f432d4-8f08-4093-ab9e-eaa65d9043df, findElement {using=css selector, value=.example a:nth-of-type(3)}]
Capabilities {acceptInsecureCerts: true, browserName: firefox, browserVersion: 136.0.2, moz:accessibilityChecks: false, moz:buildID: 20250317120031, moz:geckodriverVersion: 0.36.0, moz:headless: false, moz:platformVersion: 21.6.0, moz:processID: 47411, moz:profile: /var/folders/6n/54r6dxdd3l3..., moz:shutdownTimeout: 60000, moz:webdriverClick: true, moz:windowless: false, pageLoadStrategy: normal, platformName: mac, proxy: Proxy(), setWindowRect: true, strictFileInteractability: false, timeouts: {implicit: 0, pageLoad: 300000, script: 30000}, unhandledPromptBehavior: dismiss and notify, userAgent: Mozilla/5.0 (Macintosh; Int...}
Session ID: 13f432d4-8f08-4093-ab9e-eaa65d9043df]]>
            </message>
            <full-stacktrace>
              <![CDATA[org.openqa.selenium.NoSuchElementException: Unable to locate element: .example a:nth-of-type(3)
For documentation on this error, please visit: https://www.selenium.dev/documentation/webdriver/troubleshooting/errors#no-such-element-exception
Build info: version: '4.10.0', revision: 'c14d967899'
System info: os.name: 'Mac OS X', os.arch: 'x86_64', os.version: '12.7.6', java.version: '21.0.5'
Driver info: org.openqa.selenium.firefox.FirefoxDriver
Command: [13f432d4-8f08-4093-ab9e-eaa65d9043df, findElement {using=css selector, value=.example a:nth-of-type(3)}]
Capabilities {acceptInsecureCerts: true, browserName: firefox, browserVersion: 136.0.2, moz:accessibilityChecks: false, moz:buildID: 20250317120031, moz:geckodriverVersion: 0.36.0, moz:headless: false, moz:platformVersion: 21.6.0, moz:processID: 47411, moz:profile: /var/folders/6n/54r6dxdd3l3..., moz:shutdownTimeout: 60000, moz:webdriverClick: true, moz:windowless: false, pageLoadStrategy: normal, platformName: mac, proxy: Proxy(), setWindowRect: true, strictFileInteractability: false, timeouts: {implicit: 0, pageLoad: 300000, script: 30000}, unhandledPromptBehavior: dismiss and notify, userAgent: Mozilla/5.0 (Macintosh; Int...}
Session ID: 13f432d4-8f08-4093-ab9e-eaa65d9043df
at java.base/jdk.internal.reflect.DirectConstructorHandleAccessor.newInstance(DirectConstructorHandleAccessor.java:62)
at java.base/java.lang.reflect.Constructor.newInstanceWithCaller(Constructor.java:502)
at java.base/java.lang.reflect.Constructor.newInstance(Constructor.java:486)
at org.openqa.selenium.remote.codec.w3c.W3CHttpResponseCodec.createException(W3CHttpResponseCodec.java:199)
at org.openqa.selenium.remote.codec.w3c.W3CHttpResponseCodec.decode(W3CHttpResponseCodec.java:132)
at org.openqa.selenium.remote.codec.w3c.W3CHttpResponseCodec.decode(W3CHttpResponseCodec.java:51)
at org.openqa.selenium.remote.HttpCommandExecutor.execute(HttpCommandExecutor.java:191)
at org.openqa.selenium.remote.service.DriverCommandExecutor.invokeExecute(DriverCommandExecutor.java:196)
at org.openqa.selenium.remote.service.DriverCommandExecutor.execute(DriverCommandExecutor.java:171)
at org.openqa.selenium.remote.RemoteWebDriver.execute(RemoteWebDriver.java:531)
at org.openqa.selenium.remote.ElementLocation$ElementFinder$2.findElement(ElementLocation.java:165)
at org.openqa.selenium.remote.ElementLocation.findElement(ElementLocation.java:59)
at org.openqa.selenium.remote.RemoteWebDriver.findElement(RemoteWebDriver.java:350)
at org.openqa.selenium.remote.RemoteWebDriver.findElement(RemoteWebDriver.java:344)
at org.openqa.selenium.support.pagefactory.DefaultElementLocator.findElement(DefaultElementLocator.java:68)
at org.openqa.selenium.support.pagefactory.internal.LocatingElementHandler.invoke(LocatingElementHandler.java:38)
at jdk.proxy2/jdk.proxy2.$Proxy22.click(Unknown Source)
at PageClasses.FileDownloadPageClass.validateFileDownload(FileDownloadPageClass.java:48)
at com.auto.theInternet.IntenetHerokuappPOC.FileDownloadTestClass.validateFileDownload(FileDownloadTestClass.java:18)
at java.base/jdk.internal.reflect.DirectMethodHandleAccessor.invoke(DirectMethodHandleAccessor.java:103)
at java.base/java.lang.reflect.Method.invoke(Method.java:580)
at org.testng.internal.invokers.MethodInvocationHelper.invokeMethod(MethodInvocationHelper.java:139)
at org.testng.internal.invokers.TestInvoker.invokeMethod(TestInvoker.java:664)
at org.testng.internal.invokers.TestInvoker.invokeTestMethod(TestInvoker.java:227)
at org.testng.internal.invokers.MethodRunner.runInSequence(MethodRunner.java:50)
at org.testng.internal.invokers.TestInvoker$MethodInvocationAgent.invoke(TestInvoker.java:957)
at org.testng.internal.invokers.TestInvoker.invokeTestMethods(TestInvoker.java:200)
at org.testng.internal.invokers.TestMethodWorker.invokeTestMethods(TestMethodWorker.java:148)
at org.testng.internal.invokers.TestMethodWorker.run(TestMethodWorker.java:128)
at java.base/java.util.ArrayList.forEach(ArrayList.java:1596)
at org.testng.TestRunner.privateRun(TestRunner.java:848)
at org.testng.TestRunner.run(TestRunner.java:621)
at org.testng.SuiteRunner.runTest(SuiteRunner.java:443)
at org.testng.SuiteRunner$SuiteWorker.run(SuiteRunner.java:481)
at org.testng.internal.thread.ThreadUtil.lambda$execute$0(ThreadUtil.java:58)
at java.base/java.util.concurrent.FutureTask.run(FutureTask.java:317)
at java.base/java.util.concurrent.ThreadPoolExecutor.runWorker(ThreadPoolExecutor.java:1144)
at java.base/java.util.concurrent.ThreadPoolExecutor$Worker.run(ThreadPoolExecutor.java:642)
at java.base/java.lang.Thread.run(Thread.java:1583)
]]>
            </full-stacktrace>
          </exception> <!-- org.openqa.selenium.NoSuchElementException -->
          <reporter-output>
          </reporter-output>
        </test-method> <!-- validateFileDownload -->
        <test-method is-config="true" signature="tearDown()[pri:0, instance:com.auto.theInternet.IntenetHerokuappPOC.FileDownloadTestClass@146587a2]" started-at="2025-03-22T20:20:18 GST" name="tearDown" finished-at="2025-03-22T20:20:20 GST" duration-ms="1211" status="PASS">
          <reporter-output>
          </reporter-output>
        </test-method> <!-- tearDown -->
      </class> <!-- com.auto.theInternet.IntenetHerokuappPOC.FileDownloadTestClass -->
      <class name="com.auto.theInternet.IntenetHerokuappPOC.EntryAdTestClass">
        <test-method is-config="true" signature="setup(java.lang.String)[pri:0, instance:com.auto.theInternet.IntenetHerokuappPOC.EntryAdTestClass@45fd9a4d]" started-at="2025-03-22T20:19:57 GST" name="setup" finished-at="2025-03-22T20:20:06 GST" duration-ms="9242" status="PASS">
          <params>
            <param index="0">
              <value>
                <![CDATA[firefox]]>
              </value>
            </param>
          </params>
          <reporter-output>
          </reporter-output>
        </test-method> <!-- setup -->
        <test-method signature="validateEntryAd()[pri:0, instance:com.auto.theInternet.IntenetHerokuappPOC.EntryAdTestClass@45fd9a4d]" started-at="2025-03-22T20:20:06 GST" name="validateEntryAd" finished-at="2025-03-22T20:20:07 GST" duration-ms="1278" status="PASS">
          <reporter-output>
          </reporter-output>
        </test-method> <!-- validateEntryAd -->
        <test-method is-config="true" signature="tearDown()[pri:0, instance:com.auto.theInternet.IntenetHerokuappPOC.EntryAdTestClass@45fd9a4d]" started-at="2025-03-22T20:20:07 GST" name="tearDown" finished-at="2025-03-22T20:20:09 GST" duration-ms="1126" status="PASS">
          <reporter-output>
          </reporter-output>
        </test-method> <!-- tearDown -->
      </class> <!-- com.auto.theInternet.IntenetHerokuappPOC.EntryAdTestClass -->
      <class name="com.auto.theInternet.IntenetHerokuappPOC.AddRemoveElementsTestClass">
        <test-method is-config="true" signature="setup(java.lang.String)[pri:0, instance:com.auto.theInternet.IntenetHerokuappPOC.AddRemoveElementsTestClass@e8df99a]" started-at="2025-03-22T20:16:24 GST" name="setup" finished-at="2025-03-22T20:16:42 GST" duration-ms="17962" status="PASS">
          <params>
            <param index="0">
              <value>
                <![CDATA[firefox]]>
              </value>
            </param>
          </params>
          <reporter-output>
          </reporter-output>
        </test-method> <!-- setup -->
        <test-method signature="validateAddAndRemoveButtons()[pri:0, instance:com.auto.theInternet.IntenetHerokuappPOC.AddRemoveElementsTestClass@e8df99a]" started-at="2025-03-22T20:16:42 GST" name="validateAddAndRemoveButtons" finished-at="2025-03-22T20:16:43 GST" duration-ms="1562" status="PASS">
          <reporter-output>
          </reporter-output>
        </test-method> <!-- validateAddAndRemoveButtons -->
        <test-method is-config="true" signature="tearDown()[pri:0, instance:com.auto.theInternet.IntenetHerokuappPOC.AddRemoveElementsTestClass@e8df99a]" started-at="2025-03-22T20:16:43 GST" name="tearDown" finished-at="2025-03-22T20:16:45 GST" duration-ms="1486" status="PASS">
          <reporter-output>
          </reporter-output>
        </test-method> <!-- tearDown -->
      </class> <!-- com.auto.theInternet.IntenetHerokuappPOC.AddRemoveElementsTestClass -->
      <class name="com.auto.theInternet.IntenetHerokuappPOC.ContextMenuTestClass">
        <test-method is-config="true" signature="setup(java.lang.String)[pri:0, instance:com.auto.theInternet.IntenetHerokuappPOC.ContextMenuTestClass@530712d]" started-at="2025-03-22T20:17:50 GST" name="setup" finished-at="2025-03-22T20:18:02 GST" duration-ms="12594" status="PASS">
          <params>
            <param index="0">
              <value>
                <![CDATA[firefox]]>
              </value>
            </param>
          </params>
          <reporter-output>
          </reporter-output>
        </test-method> <!-- setup -->
        <test-method signature="validateContextMenu()[pri:0, instance:com.auto.theInternet.IntenetHerokuappPOC.ContextMenuTestClass@530712d]" started-at="2025-03-22T20:18:02 GST" name="validateContextMenu" finished-at="2025-03-22T20:18:04 GST" duration-ms="1319" status="PASS">
          <reporter-output>
          </reporter-output>
        </test-method> <!-- validateContextMenu -->
        <test-method is-config="true" signature="tearDown()[pri:0, instance:com.auto.theInternet.IntenetHerokuappPOC.ContextMenuTestClass@530712d]" started-at="2025-03-22T20:18:04 GST" name="tearDown" finished-at="2025-03-22T20:18:06 GST" duration-ms="2210" status="PASS">
          <reporter-output>
          </reporter-output>
        </test-method> <!-- tearDown -->
      </class> <!-- com.auto.theInternet.IntenetHerokuappPOC.ContextMenuTestClass -->
      <class name="com.auto.theInternet.IntenetHerokuappPOC.DynamicContentTestClass">
        <test-method is-config="true" signature="setup(java.lang.String)[pri:0, instance:com.auto.theInternet.IntenetHerokuappPOC.DynamicContentTestClass@49cb9cb5]" started-at="2025-03-22T20:18:52 GST" name="setup" finished-at="2025-03-22T20:19:02 GST" duration-ms="10047" status="PASS">
          <params>
            <param index="0">
              <value>
                <![CDATA[firefox]]>
              </value>
            </param>
          </params>
          <reporter-output>
          </reporter-output>
        </test-method> <!-- setup -->
        <test-method signature="validateDynamicContentVariable()[pri:0, instance:com.auto.theInternet.IntenetHerokuappPOC.DynamicContentTestClass@49cb9cb5]" started-at="2025-03-22T20:19:02 GST" name="validateDynamicContentVariable" finished-at="2025-03-22T20:19:14 GST" duration-ms="12187" status="PASS">
          <reporter-output>
          </reporter-output>
        </test-method> <!-- validateDynamicContentVariable -->
        <test-method is-config="true" signature="tearDown()[pri:0, instance:com.auto.theInternet.IntenetHerokuappPOC.DynamicContentTestClass@49cb9cb5]" started-at="2025-03-22T20:19:14 GST" name="tearDown" finished-at="2025-03-22T20:19:16 GST" duration-ms="1968" status="PASS">
          <reporter-output>
          </reporter-output>
        </test-method> <!-- tearDown -->
      </class> <!-- com.auto.theInternet.IntenetHerokuappPOC.DynamicContentTestClass -->
      <class name="com.auto.theInternet.IntenetHerokuappPOC.ValidateABTesting">
        <test-method is-config="true" signature="setup(java.lang.String)[pri:0, instance:com.auto.theInternet.IntenetHerokuappPOC.ValidateABTesting@5f0e9815]" started-at="2025-03-22T20:20:20 GST" name="setup" finished-at="2025-03-22T20:20:29 GST" duration-ms="9346" status="PASS">
          <params>
            <param index="0">
              <value>
                <![CDATA[firefox]]>
              </value>
            </param>
          </params>
          <reporter-output>
          </reporter-output>
        </test-method> <!-- setup -->
        <test-method signature="validateABTest()[pri:0, instance:com.auto.theInternet.IntenetHerokuappPOC.ValidateABTesting@5f0e9815]" started-at="2025-03-22T20:20:29 GST" name="validateABTest" finished-at="2025-03-22T20:20:29 GST" duration-ms="486" status="PASS">
          <reporter-output>
          </reporter-output>
        </test-method> <!-- validateABTest -->
        <test-method is-config="true" signature="tearDown()[pri:0, instance:com.auto.theInternet.IntenetHerokuappPOC.ValidateABTesting@5f0e9815]" started-at="2025-03-22T20:20:29 GST" name="tearDown" finished-at="2025-03-22T20:20:31 GST" duration-ms="1269" status="PASS">
          <reporter-output>
          </reporter-output>
        </test-method> <!-- tearDown -->
      </class> <!-- com.auto.theInternet.IntenetHerokuappPOC.ValidateABTesting -->
      <class name="com.auto.theInternet.IntenetHerokuappPOC.DisappearingElementsTestClass">
        <test-method is-config="true" signature="setup(java.lang.String)[pri:0, instance:com.auto.theInternet.IntenetHerokuappPOC.DisappearingElementsTestClass@2df6226d]" started-at="2025-03-22T20:18:06 GST" name="setup" finished-at="2025-03-22T20:18:17 GST" duration-ms="11444" status="PASS">
          <params>
            <param index="0">
              <value>
                <![CDATA[firefox]]>
              </value>
            </param>
          </params>
          <reporter-output>
          </reporter-output>
        </test-method> <!-- setup -->
        <test-method signature="validateDisappearingElements()[pri:0, instance:com.auto.theInternet.IntenetHerokuappPOC.DisappearingElementsTestClass@2df6226d]" started-at="2025-03-22T20:18:17 GST" name="validateDisappearingElements" finished-at="2025-03-22T20:18:21 GST" duration-ms="3246" status="PASS">
          <reporter-output>
          </reporter-output>
        </test-method> <!-- validateDisappearingElements -->
        <test-method is-config="true" signature="tearDown()[pri:0, instance:com.auto.theInternet.IntenetHerokuappPOC.DisappearingElementsTestClass@2df6226d]" started-at="2025-03-22T20:18:21 GST" name="tearDown" finished-at="2025-03-22T20:18:22 GST" duration-ms="1886" status="PASS">
          <reporter-output>
          </reporter-output>
        </test-method> <!-- tearDown -->
      </class> <!-- com.auto.theInternet.IntenetHerokuappPOC.DisappearingElementsTestClass -->
      <class name="com.auto.theInternet.IntenetHerokuappPOC.ChallengingDOMTestClass">
        <test-method is-config="true" signature="setup(java.lang.String)[pri:0, instance:com.auto.theInternet.IntenetHerokuappPOC.ChallengingDOMTestClass@517566b]" started-at="2025-03-22T20:17:18 GST" name="setup" finished-at="2025-03-22T20:17:30 GST" duration-ms="12479" status="PASS">
          <params>
            <param index="0">
              <value>
                <![CDATA[firefox]]>
              </value>
            </param>
          </params>
          <reporter-output>
          </reporter-output>
        </test-method> <!-- setup -->
        <test-method signature="validateChallengingDOM()[pri:0, instance:com.auto.theInternet.IntenetHerokuappPOC.ChallengingDOMTestClass@517566b]" started-at="2025-03-22T20:17:30 GST" name="validateChallengingDOM" finished-at="2025-03-22T20:17:32 GST" duration-ms="1772" status="PASS">
          <reporter-output>
          </reporter-output>
        </test-method> <!-- validateChallengingDOM -->
        <test-method is-config="true" signature="tearDown()[pri:0, instance:com.auto.theInternet.IntenetHerokuappPOC.ChallengingDOMTestClass@517566b]" started-at="2025-03-22T20:17:32 GST" name="tearDown" finished-at="2025-03-22T20:17:34 GST" duration-ms="1988" status="PASS">
          <reporter-output>
          </reporter-output>
        </test-method> <!-- tearDown -->
      </class> <!-- com.auto.theInternet.IntenetHerokuappPOC.ChallengingDOMTestClass -->
      <class name="com.auto.theInternet.IntenetHerokuappPOC.DropDownTestClass">
        <test-method is-config="true" signature="setup(java.lang.String)[pri:0, instance:com.auto.theInternet.IntenetHerokuappPOC.DropDownTestClass@4ff4357f]" started-at="2025-03-22T20:18:35 GST" name="setup" finished-at="2025-03-22T20:18:49 GST" duration-ms="13363" status="PASS">
          <params>
            <param index="0">
              <value>
                <![CDATA[firefox]]>
              </value>
            </param>
          </params>
          <reporter-output>
          </reporter-output>
        </test-method> <!-- setup -->
        <test-method signature="validateDropDown()[pri:0, instance:com.auto.theInternet.IntenetHerokuappPOC.DropDownTestClass@4ff4357f]" started-at="2025-03-22T20:18:49 GST" name="validateDropDown" finished-at="2025-03-22T20:18:50 GST" duration-ms="1394" status="PASS">
          <reporter-output>
          </reporter-output>
        </test-method> <!-- validateDropDown -->
        <test-method is-config="true" signature="tearDown()[pri:0, instance:com.auto.theInternet.IntenetHerokuappPOC.DropDownTestClass@4ff4357f]" started-at="2025-03-22T20:18:50 GST" name="tearDown" finished-at="2025-03-22T20:18:52 GST" duration-ms="1707" status="PASS">
          <reporter-output>
          </reporter-output>
        </test-method> <!-- tearDown -->
      </class> <!-- com.auto.theInternet.IntenetHerokuappPOC.DropDownTestClass -->
    </test> <!-- FirefoxTest -->
  </suite> <!-- ParallelTestSuite -->
</testng-results>
